<?xml version="1.0" encoding="UTF-8"?>
<testsuite name="pl.wpulik.gender_recognizer.controller.NameGenderControllerTest" tests="6" skipped="0" failures="0" errors="0" timestamp="2021-03-03T09:54:17" hostname="LAPTOP-5H2A1D6I" time="2.023">
  <properties/>
  <testcase name="guessGenderTestVariantOneInconclusive()" classname="pl.wpulik.gender_recognizer.controller.NameGenderControllerTest" time="1.743"/>
  <testcase name="guessGenderTestVariantTwoInconclusive()" classname="pl.wpulik.gender_recognizer.controller.NameGenderControllerTest" time="0.058"/>
  <testcase name="guessGenderTestVariantTwoFemale()" classname="pl.wpulik.gender_recognizer.controller.NameGenderControllerTest" time="0.079"/>
  <testcase name="guessGenderTestVariantOneMale()" classname="pl.wpulik.gender_recognizer.controller.NameGenderControllerTest" time="0.036"/>
  <testcase name="guessGenderTestVariantTwoMale()" classname="pl.wpulik.gender_recognizer.controller.NameGenderControllerTest" time="0.049"/>
  <testcase name="guessGenderTestVariantOneFemale()" classname="pl.wpulik.gender_recognizer.controller.NameGenderControllerTest" time="0.036"/>
  <system-out><![CDATA[10:54:06.528 [Test worker] DEBUG org.springframework.test.context.BootstrapUtils - Instantiating CacheAwareContextLoaderDelegate from class [org.springframework.test.context.cache.DefaultCacheAwareContextLoaderDelegate]
10:54:06.578 [Test worker] DEBUG org.springframework.test.context.BootstrapUtils - Instantiating BootstrapContext using constructor [public org.springframework.test.context.support.DefaultBootstrapContext(java.lang.Class,org.springframework.test.context.CacheAwareContextLoaderDelegate)]
10:54:06.765 [Test worker] DEBUG org.springframework.test.context.BootstrapUtils - Instantiating TestContextBootstrapper for test class [pl.wpulik.gender_recognizer.controller.NameGenderControllerTest] from class [org.springframework.boot.test.context.SpringBootTestContextBootstrapper]
10:54:06.828 [Test worker] INFO org.springframework.boot.test.context.SpringBootTestContextBootstrapper - Neither @ContextConfiguration nor @ContextHierarchy found for test class [pl.wpulik.gender_recognizer.controller.NameGenderControllerTest], using SpringBootContextLoader
10:54:06.843 [Test worker] DEBUG org.springframework.test.context.support.AbstractContextLoader - Did not detect default resource location for test class [pl.wpulik.gender_recognizer.controller.NameGenderControllerTest]: class path resource [pl/wpulik/gender_recognizer/controller/NameGenderControllerTest-context.xml] does not exist
10:54:06.858 [Test worker] DEBUG org.springframework.test.context.support.AbstractContextLoader - Did not detect default resource location for test class [pl.wpulik.gender_recognizer.controller.NameGenderControllerTest]: class path resource [pl/wpulik/gender_recognizer/controller/NameGenderControllerTestContext.groovy] does not exist
10:54:06.859 [Test worker] INFO org.springframework.test.context.support.AbstractContextLoader - Could not detect default resource locations for test class [pl.wpulik.gender_recognizer.controller.NameGenderControllerTest]: no resource found for suffixes {-context.xml, Context.groovy}.
10:54:06.861 [Test worker] INFO org.springframework.test.context.support.AnnotationConfigContextLoaderUtils - Could not detect default configuration classes for test class [pl.wpulik.gender_recognizer.controller.NameGenderControllerTest]: NameGenderControllerTest does not declare any static, non-private, non-final, nested classes annotated with @Configuration.
10:54:07.120 [Test worker] DEBUG org.springframework.test.context.support.ActiveProfilesUtils - Could not find an 'annotation declaring class' for annotation type [org.springframework.test.context.ActiveProfiles] and class [pl.wpulik.gender_recognizer.controller.NameGenderControllerTest]
10:54:07.612 [Test worker] DEBUG org.springframework.context.annotation.ClassPathScanningCandidateComponentProvider - Identified candidate component class: file [C:\Spring Projects\name_gender\build\classes\java\main\pl\wpulik\gender_recognizer\NameGenderApplication.class]
10:54:07.617 [Test worker] INFO org.springframework.boot.test.context.SpringBootTestContextBootstrapper - Found @SpringBootConfiguration pl.wpulik.gender_recognizer.NameGenderApplication for test class pl.wpulik.gender_recognizer.controller.NameGenderControllerTest
10:54:08.099 [Test worker] DEBUG org.springframework.boot.test.context.SpringBootTestContextBootstrapper - @TestExecutionListeners is not present for class [pl.wpulik.gender_recognizer.controller.NameGenderControllerTest]: using defaults.
10:54:08.102 [Test worker] INFO org.springframework.boot.test.context.SpringBootTestContextBootstrapper - Loaded default TestExecutionListener class names from location [META-INF/spring.factories]: [org.springframework.boot.test.autoconfigure.restdocs.RestDocsTestExecutionListener, org.springframework.boot.test.autoconfigure.web.client.MockRestServiceServerResetTestExecutionListener, org.springframework.boot.test.autoconfigure.web.servlet.MockMvcPrintOnlyOnFailureTestExecutionListener, org.springframework.boot.test.autoconfigure.web.servlet.WebDriverTestExecutionListener, org.springframework.boot.test.autoconfigure.webservices.client.MockWebServiceServerTestExecutionListener, org.springframework.boot.test.mock.mockito.MockitoTestExecutionListener, org.springframework.boot.test.mock.mockito.ResetMocksTestExecutionListener, org.springframework.test.context.web.ServletTestExecutionListener, org.springframework.test.context.support.DirtiesContextBeforeModesTestExecutionListener, org.springframework.test.context.event.ApplicationEventsTestExecutionListener, org.springframework.test.context.support.DependencyInjectionTestExecutionListener, org.springframework.test.context.support.DirtiesContextTestExecutionListener, org.springframework.test.context.transaction.TransactionalTestExecutionListener, org.springframework.test.context.jdbc.SqlScriptsTestExecutionListener, org.springframework.test.context.event.EventPublishingTestExecutionListener]
10:54:08.174 [Test worker] DEBUG org.springframework.boot.test.context.SpringBootTestContextBootstrapper - Skipping candidate TestExecutionListener [org.springframework.test.context.transaction.TransactionalTestExecutionListener] due to a missing dependency. Specify custom listener classes or make the default listener classes and their required dependencies available. Offending class: [org/springframework/transaction/interceptor/TransactionAttributeSource]
10:54:08.178 [Test worker] DEBUG org.springframework.boot.test.context.SpringBootTestContextBootstrapper - Skipping candidate TestExecutionListener [org.springframework.test.context.jdbc.SqlScriptsTestExecutionListener] due to a missing dependency. Specify custom listener classes or make the default listener classes and their required dependencies available. Offending class: [org/springframework/transaction/interceptor/TransactionAttribute]
10:54:08.184 [Test worker] INFO org.springframework.boot.test.context.SpringBootTestContextBootstrapper - Using TestExecutionListeners: [org.springframework.test.context.web.ServletTestExecutionListener@6fdf8825, org.springframework.test.context.support.DirtiesContextBeforeModesTestExecutionListener@75edad65, org.springframework.test.context.event.ApplicationEventsTestExecutionListener@23cdb882, org.springframework.boot.test.mock.mockito.MockitoTestExecutionListener@496fd062, org.springframework.boot.test.autoconfigure.SpringBootDependencyInjectionTestExecutionListener@5ae2f7ca, org.springframework.test.context.support.DirtiesContextTestExecutionListener@42fcef76, org.springframework.test.context.event.EventPublishingTestExecutionListener@c3b4603, org.springframework.boot.test.autoconfigure.restdocs.RestDocsTestExecutionListener@3b607b26, org.springframework.boot.test.autoconfigure.web.client.MockRestServiceServerResetTestExecutionListener@76f18727, org.springframework.boot.test.autoconfigure.web.servlet.MockMvcPrintOnlyOnFailureTestExecutionListener@53d341d0, org.springframework.boot.test.autoconfigure.web.servlet.WebDriverTestExecutionListener@58e1ef7, org.springframework.boot.test.autoconfigure.webservices.client.MockWebServiceServerTestExecutionListener@3d0fec2b, org.springframework.boot.test.mock.mockito.ResetMocksTestExecutionListener@47bd9c12]
10:54:08.199 [Test worker] DEBUG org.springframework.test.context.support.AbstractDirtiesContextTestExecutionListener - Before test class: context [DefaultTestContext@3dd93e85 testClass = NameGenderControllerTest, testInstance = [null], testMethod = [null], testException = [null], mergedContextConfiguration = [WebMergedContextConfiguration@1c370cad testClass = NameGenderControllerTest, locations = '{}', classes = '{class pl.wpulik.gender_recognizer.NameGenderApplication}', contextInitializerClasses = '[]', activeProfiles = '{}', propertySourceLocations = '{}', propertySourceProperties = '{org.springframework.boot.test.context.SpringBootTestContextBootstrapper=true}', contextCustomizers = set[org.springframework.boot.test.autoconfigure.actuate.metrics.MetricsExportContextCustomizerFactory$DisableMetricExportContextCustomizer@663d7dd4, org.springframework.boot.test.autoconfigure.properties.PropertyMappingContextCustomizer@4b3fa0b3, org.springframework.boot.test.autoconfigure.web.servlet.WebDriverContextCustomizerFactory$Customizer@267a213b, [ImportsContextCustomizer@b556932 key = [org.springframework.boot.test.autoconfigure.web.servlet.MockMvcAutoConfiguration, org.springframework.boot.test.autoconfigure.web.servlet.MockMvcWebClientAutoConfiguration, org.springframework.boot.test.autoconfigure.web.servlet.MockMvcWebDriverAutoConfiguration, org.springframework.boot.autoconfigure.security.oauth2.client.servlet.OAuth2ClientAutoConfiguration, org.springframework.boot.autoconfigure.security.oauth2.resource.servlet.OAuth2ResourceServerAutoConfiguration, org.springframework.boot.autoconfigure.security.servlet.SecurityAutoConfiguration, org.springframework.boot.autoconfigure.security.servlet.SecurityFilterAutoConfiguration, org.springframework.boot.autoconfigure.security.servlet.UserDetailsServiceAutoConfiguration, org.springframework.boot.test.autoconfigure.web.servlet.MockMvcSecurityConfiguration]], org.springframework.boot.test.context.filter.ExcludeFilterContextCustomizer@13b6df49, org.springframework.boot.test.json.DuplicateJsonObjectContextCustomizerFactory$DuplicateJsonObjectContextCustomizer@984ef93, org.springframework.boot.test.mock.mockito.MockitoContextCustomizer@0, org.springframework.boot.test.web.client.TestRestTemplateContextCustomizer@1a8d8bd9, org.springframework.boot.test.context.SpringBootTestArgs@1, org.springframework.boot.test.context.SpringBootTestWebEnvironment@291dc373], resourceBasePath = 'src/main/webapp', contextLoader = 'org.springframework.boot.test.context.SpringBootContextLoader', parent = [null]], attributes = map['org.springframework.test.context.web.ServletTestExecutionListener.activateListener' -> true]], class annotated with @DirtiesContext [false] with mode [null].
10:54:08.351 [Test worker] DEBUG org.springframework.test.context.support.TestPropertySourceUtils - Adding inlined properties to environment: {spring.jmx.enabled=false, org.springframework.boot.test.context.SpringBootTestContextBootstrapper=true}

  .   ____          _            __ _ _
 /\\ / ___'_ __ _ _(_)_ __  __ _ \ \ \ \
( ( )\___ | '_ | '_| | '_ \/ _` | \ \ \ \
 \\/  ___)| |_)| | | | | || (_| |  ) ) ) )
  '  |____| .__|_| |_|_| |_\__, | / / / /
 =========|_|==============|___/=/_/_/_/
 :: Spring Boot ::                (v2.4.3)

2021-03-03 10:54:10.175  INFO 6372 --- [    Test worker] p.w.g.c.NameGenderControllerTest         : Starting NameGenderControllerTest using Java 11.0.6 on LAPTOP-5H2A1D6I with PID 6372 (started by pulaa in C:\Spring Projects\name_gender)
2021-03-03 10:54:10.182  INFO 6372 --- [    Test worker] p.w.g.c.NameGenderControllerTest         : No active profile set, falling back to default profiles: default
2021-03-03 10:54:16.209  INFO 6372 --- [    Test worker] o.s.s.concurrent.ThreadPoolTaskExecutor  : Initializing ExecutorService 'applicationTaskExecutor'
2021-03-03 10:54:17.625  INFO 6372 --- [    Test worker] o.s.b.t.m.w.SpringBootMockServletContext : Initializing Spring TestDispatcherServlet ''
2021-03-03 10:54:17.626  INFO 6372 --- [    Test worker] o.s.t.web.servlet.TestDispatcherServlet  : Initializing Servlet ''
2021-03-03 10:54:17.628  INFO 6372 --- [    Test worker] o.s.t.web.servlet.TestDispatcherServlet  : Completed initialization in 2 ms
2021-03-03 10:54:17.704  INFO 6372 --- [    Test worker] p.w.g.c.NameGenderControllerTest         : Started NameGenderControllerTest in 9.304 seconds (JVM running for 16.062)
]]></system-out>
  <system-err><![CDATA[]]></system-err>
</testsuite>
